  ConsoleApplication1.cpp
C:\Users\skirm\Desktop\v1.0 project\ConsoleApplication1\Studentas.h(6,12): error C3646: 'vardas': unknown override specifier
  (compiling source file 'ConsoleApplication1.cpp')
  
C:\Users\skirm\Desktop\v1.0 project\ConsoleApplication1\Studentas.h(6,18): error C4430: missing type specifier - int assumed. Note: C++ does not support default-int
  (compiling source file 'ConsoleApplication1.cpp')
  
C:\Users\skirm\Desktop\v1.0 project\ConsoleApplication1\Studentas.h(7,12): error C3646: 'pavarde': unknown override specifier
  (compiling source file 'ConsoleApplication1.cpp')
  
C:\Users\skirm\Desktop\v1.0 project\ConsoleApplication1\Studentas.h(7,19): error C4430: missing type specifier - int assumed. Note: C++ does not support default-int
  (compiling source file 'ConsoleApplication1.cpp')
  
C:\Users\skirm\Desktop\v1.0 project\ConsoleApplication1\Studentas.h(8,11): error C2143: syntax error: missing ';' before '<'
  (compiling source file 'ConsoleApplication1.cpp')
  
C:\Users\skirm\Desktop\v1.0 project\ConsoleApplication1\Studentas.h(8,11): error C4430: missing type specifier - int assumed. Note: C++ does not support default-int
  (compiling source file 'ConsoleApplication1.cpp')
  
C:\Users\skirm\Desktop\v1.0 project\ConsoleApplication1\Studentas.h(8,32): error C2238: unexpected token(s) preceding ';'
  (compiling source file 'ConsoleApplication1.cpp')
  
C:\Users\skirm\Desktop\v1.0 project\ConsoleApplication1\Studentas.h(16,14): error C4430: missing type specifier - int assumed. Note: C++ does not support default-int
  (compiling source file 'ConsoleApplication1.cpp')
  
C:\Users\skirm\Desktop\v1.0 project\ConsoleApplication1\Studentas.h(16,27): error C2143: syntax error: missing ',' before '&'
  (compiling source file 'ConsoleApplication1.cpp')
  
C:\Users\skirm\Desktop\v1.0 project\ConsoleApplication1\MokiniuProcessing.h(15,7): error C2059: syntax error: 'using namespace'
  (compiling source file 'ConsoleApplication1.cpp')
  
C:\Users\skirm\Desktop\v1.0 project\ConsoleApplication1\MokiniuProcessing.h(15,20): error C2238: unexpected token(s) preceding ';'
  (compiling source file 'ConsoleApplication1.cpp')
  
C:\Users\skirm\Desktop\v1.0 project\ConsoleApplication1\MokiniuProcessing.h(16,8): error C3646: 'GeneruotiVardus': unknown override specifier
  (compiling source file 'ConsoleApplication1.cpp')
  
C:\Users\skirm\Desktop\v1.0 project\ConsoleApplication1\MokiniuProcessing.h(16,23): error C2059: syntax error: '('
  (compiling source file 'ConsoleApplication1.cpp')
  
C:\Users\skirm\Desktop\v1.0 project\ConsoleApplication1\MokiniuProcessing.h(16,25): error C2238: unexpected token(s) preceding ';'
  (compiling source file 'ConsoleApplication1.cpp')
  
C:\Users\skirm\Desktop\v1.0 project\ConsoleApplication1\MokiniuProcessing.h(17,8): error C3646: 'GeneruotiPavardes': unknown override specifier
  (compiling source file 'ConsoleApplication1.cpp')
  
C:\Users\skirm\Desktop\v1.0 project\ConsoleApplication1\MokiniuProcessing.h(17,25): error C2059: syntax error: '('
  (compiling source file 'ConsoleApplication1.cpp')
  
C:\Users\skirm\Desktop\v1.0 project\ConsoleApplication1\MokiniuProcessing.h(17,27): error C2238: unexpected token(s) preceding ';'
  (compiling source file 'ConsoleApplication1.cpp')
  
C:\Users\skirm\Desktop\v1.0 project\ConsoleApplication1\MokiniuProcessing.h(23,34): error C4430: missing type specifier - int assumed. Note: C++ does not support default-int
  (compiling source file 'ConsoleApplication1.cpp')
  
C:\Users\skirm\Desktop\v1.0 project\ConsoleApplication1\MokiniuProcessing.h(23,34): error C2143: syntax error: missing ',' before '&'
  (compiling source file 'ConsoleApplication1.cpp')
  
C:\Users\skirm\Desktop\v1.0 project\ConsoleApplication1\Skaiciavimaidarbai.h(6,16): error C2061: syntax error: identifier 'vector'
  (compiling source file 'ConsoleApplication1.cpp')
  
C:\Users\skirm\Desktop\v1.0 project\ConsoleApplication1\Skaiciavimaidarbai.h(8,32): error C4430: missing type specifier - int assumed. Note: C++ does not support default-int
  (compiling source file 'ConsoleApplication1.cpp')
  
C:\Users\skirm\Desktop\v1.0 project\ConsoleApplication1\Skaiciavimaidarbai.h(8,32): error C2143: syntax error: missing ',' before '<'
  (compiling source file 'ConsoleApplication1.cpp')
  
C:\Users\skirm\Desktop\v1.0 project\ConsoleApplication1\Skaiciavimaidarbai.h(9,33): error C4430: missing type specifier - int assumed. Note: C++ does not support default-int
  (compiling source file 'ConsoleApplication1.cpp')
  
C:\Users\skirm\Desktop\v1.0 project\ConsoleApplication1\Skaiciavimaidarbai.h(9,33): error C2143: syntax error: missing ',' before '&'
  (compiling source file 'ConsoleApplication1.cpp')
  
C:\Users\skirm\Desktop\v1.0 project\ConsoleApplication1\Skaiciavimaidarbai.h(12,37): error C4430: missing type specifier - int assumed. Note: C++ does not support default-int
  (compiling source file 'ConsoleApplication1.cpp')
  
C:\Users\skirm\Desktop\v1.0 project\ConsoleApplication1\Skaiciavimaidarbai.h(12,37): error C2143: syntax error: missing ',' before '&'
  (compiling source file 'ConsoleApplication1.cpp')
  
C:\Users\skirm\Desktop\v1.0 project\ConsoleApplication1\Skaiciavimaidarbai.h(13,19): error C2061: syntax error: identifier 'vector'
  (compiling source file 'ConsoleApplication1.cpp')
  
C:\Users\skirm\Desktop\v1.0 project\ConsoleApplication1\Skaiciavimaidarbai.h(14,37): error C4430: missing type specifier - int assumed. Note: C++ does not support default-int
  (compiling source file 'ConsoleApplication1.cpp')
  
C:\Users\skirm\Desktop\v1.0 project\ConsoleApplication1\Skaiciavimaidarbai.h(14,37): error C2143: syntax error: missing ',' before '<'
  (compiling source file 'ConsoleApplication1.cpp')
  
C:\Users\skirm\Desktop\v1.0 project\ConsoleApplication1\Skaiciavimaidarbai.h(15,25): error C2061: syntax error: identifier 'vector'
  (compiling source file 'ConsoleApplication1.cpp')
  
C:\Users\skirm\Desktop\v1.0 project\ConsoleApplication1\Skaiciavimaidarbai.h(16,25): error C2061: syntax error: identifier 'vector'
  (compiling source file 'ConsoleApplication1.cpp')
  
C:\Users\skirm\Desktop\v1.0 project\ConsoleApplication1\ConsoleApplication1.cpp(4,7): error C2059: syntax error: 'using namespace'
C:\Users\skirm\Desktop\v1.0 project\ConsoleApplication1\ConsoleApplication1.cpp(4,20): error C2238: unexpected token(s) preceding ';'
C:\Users\skirm\Desktop\v1.0 project\ConsoleApplication1\Studentas.h(3,17): error C1075: '{': no matching token found
  (compiling source file 'ConsoleApplication1.cpp')
  
  MokiniuProcessing.cpp
C:\Users\skirm\Desktop\v1.0 project\ConsoleApplication1\Studentas.h(6,12): error C3646: 'vardas': unknown override specifier
  (compiling source file 'MokiniuProcessing.cpp')
  
C:\Users\skirm\Desktop\v1.0 project\ConsoleApplication1\Studentas.h(6,18): error C4430: missing type specifier - int assumed. Note: C++ does not support default-int
  (compiling source file 'MokiniuProcessing.cpp')
  
C:\Users\skirm\Desktop\v1.0 project\ConsoleApplication1\Studentas.h(7,12): error C3646: 'pavarde': unknown override specifier
  (compiling source file 'MokiniuProcessing.cpp')
  
C:\Users\skirm\Desktop\v1.0 project\ConsoleApplication1\Studentas.h(7,19): error C4430: missing type specifier - int assumed. Note: C++ does not support default-int
  (compiling source file 'MokiniuProcessing.cpp')
  
C:\Users\skirm\Desktop\v1.0 project\ConsoleApplication1\Studentas.h(8,11): error C2143: syntax error: missing ';' before '<'
  (compiling source file 'MokiniuProcessing.cpp')
  
C:\Users\skirm\Desktop\v1.0 project\ConsoleApplication1\Studentas.h(8,11): error C4430: missing type specifier - int assumed. Note: C++ does not support default-int
  (compiling source file 'MokiniuProcessing.cpp')
  
C:\Users\skirm\Desktop\v1.0 project\ConsoleApplication1\Studentas.h(8,32): error C2238: unexpected token(s) preceding ';'
  (compiling source file 'MokiniuProcessing.cpp')
  
C:\Users\skirm\Desktop\v1.0 project\ConsoleApplication1\Studentas.h(16,14): error C4430: missing type specifier - int assumed. Note: C++ does not support default-int
  (compiling source file 'MokiniuProcessing.cpp')
  
C:\Users\skirm\Desktop\v1.0 project\ConsoleApplication1\Studentas.h(16,27): error C2143: syntax error: missing ',' before '&'
  (compiling source file 'MokiniuProcessing.cpp')
  
C:\Users\skirm\Desktop\v1.0 project\ConsoleApplication1\MokiniuProcessing.h(15,7): error C2059: syntax error: 'using namespace'
  (compiling source file 'MokiniuProcessing.cpp')
  
C:\Users\skirm\Desktop\v1.0 project\ConsoleApplication1\MokiniuProcessing.h(15,20): error C2238: unexpected token(s) preceding ';'
  (compiling source file 'MokiniuProcessing.cpp')
  
C:\Users\skirm\Desktop\v1.0 project\ConsoleApplication1\MokiniuProcessing.h(16,8): error C3646: 'GeneruotiVardus': unknown override specifier
  (compiling source file 'MokiniuProcessing.cpp')
  
C:\Users\skirm\Desktop\v1.0 project\ConsoleApplication1\MokiniuProcessing.h(16,23): error C2059: syntax error: '('
  (compiling source file 'MokiniuProcessing.cpp')
  
C:\Users\skirm\Desktop\v1.0 project\ConsoleApplication1\MokiniuProcessing.h(16,25): error C2238: unexpected token(s) preceding ';'
  (compiling source file 'MokiniuProcessing.cpp')
  
C:\Users\skirm\Desktop\v1.0 project\ConsoleApplication1\MokiniuProcessing.h(17,8): error C3646: 'GeneruotiPavardes': unknown override specifier
  (compiling source file 'MokiniuProcessing.cpp')
  
C:\Users\skirm\Desktop\v1.0 project\ConsoleApplication1\MokiniuProcessing.h(17,25): error C2059: syntax error: '('
  (compiling source file 'MokiniuProcessing.cpp')
  
C:\Users\skirm\Desktop\v1.0 project\ConsoleApplication1\MokiniuProcessing.h(17,27): error C2238: unexpected token(s) preceding ';'
  (compiling source file 'MokiniuProcessing.cpp')
  
C:\Users\skirm\Desktop\v1.0 project\ConsoleApplication1\MokiniuProcessing.h(23,34): error C4430: missing type specifier - int assumed. Note: C++ does not support default-int
  (compiling source file 'MokiniuProcessing.cpp')
  
C:\Users\skirm\Desktop\v1.0 project\ConsoleApplication1\MokiniuProcessing.h(23,34): error C2143: syntax error: missing ',' before '&'
  (compiling source file 'MokiniuProcessing.cpp')
  
C:\Users\skirm\Desktop\v1.0 project\ConsoleApplication1\MokiniuProcessing.cpp(3,8): error C3646: 'GeneruotiVardus': unknown override specifier
C:\Users\skirm\Desktop\v1.0 project\ConsoleApplication1\MokiniuProcessing.cpp(3,23): error C2059: syntax error: '('
C:\Users\skirm\Desktop\v1.0 project\ConsoleApplication1\MokiniuProcessing.cpp(4,1): error C2334: unexpected token(s) preceding '{'; skipping apparent function body
C:\Users\skirm\Desktop\v1.0 project\ConsoleApplication1\MokiniuProcessing.cpp(9,8): error C3646: 'GeneruotiPavardes': unknown override specifier
C:\Users\skirm\Desktop\v1.0 project\ConsoleApplication1\MokiniuProcessing.cpp(9,25): error C2059: syntax error: '('
C:\Users\skirm\Desktop\v1.0 project\ConsoleApplication1\MokiniuProcessing.cpp(10,1): error C2334: unexpected token(s) preceding '{'; skipping apparent function body
C:\Users\skirm\Desktop\v1.0 project\ConsoleApplication1\MokiniuProcessing.cpp(15,6): error C2535: 'bool Studentas::vardolyginimas(const Studentas &,const Studentas &)': member function already defined or declared
  C:\Users\skirm\Desktop\v1.0 project\ConsoleApplication1\MokiniuProcessing.h(18,6):
  see declaration of 'Studentas::vardolyginimas'
  
C:\Users\skirm\Desktop\v1.0 project\ConsoleApplication1\MokiniuProcessing.cpp(20,6): error C2535: 'bool Studentas::pavardeslyginimas(const Studentas &,const Studentas &)': member function already defined or declared
  C:\Users\skirm\Desktop\v1.0 project\ConsoleApplication1\MokiniuProcessing.h(19,6):
  see declaration of 'Studentas::pavardeslyginimas'
  
C:\Users\skirm\Desktop\v1.0 project\ConsoleApplication1\MokiniuProcessing.cpp(25,6): error C2535: 'bool Studentas::vidurkiolyginimas(const Studentas &,const Studentas &)': member function already defined or declared
  C:\Users\skirm\Desktop\v1.0 project\ConsoleApplication1\MokiniuProcessing.h(20,6):
  see declaration of 'Studentas::vidurkiolyginimas'
  
C:\Users\skirm\Desktop\v1.0 project\ConsoleApplication1\MokiniuProcessing.cpp(30,6): error C2535: 'bool Studentas::medianoslyginimas(const Studentas &,const Studentas &)': member function already defined or declared
  C:\Users\skirm\Desktop\v1.0 project\ConsoleApplication1\MokiniuProcessing.h(21,6):
  see declaration of 'Studentas::medianoslyginimas'
  
C:\Users\skirm\Desktop\v1.0 project\ConsoleApplication1\MokiniuProcessing.cpp(41,34): error C4430: missing type specifier - int assumed. Note: C++ does not support default-int
C:\Users\skirm\Desktop\v1.0 project\ConsoleApplication1\MokiniuProcessing.cpp(41,34): error C2143: syntax error: missing ',' before '&'
C:\Users\skirm\Desktop\v1.0 project\ConsoleApplication1\MokiniuProcessing.cpp(41,6): error C2535: 'bool Studentas::ContainsNumbers(const int)': member function already defined or declared
  C:\Users\skirm\Desktop\v1.0 project\ConsoleApplication1\MokiniuProcessing.h(23,6):
  see declaration of 'Studentas::ContainsNumbers'
  
C:\Users\skirm\Desktop\v1.0 project\ConsoleApplication1\Studentas.h(3,17): error C1075: '{': no matching token found
  (compiling source file 'MokiniuProcessing.cpp')
  
  Skaiciavimaidarbai.cpp
C:\Users\skirm\Desktop\v1.0 project\ConsoleApplication1\Studentas.h(6,12): error C3646: 'vardas': unknown override specifier
  (compiling source file 'Skaiciavimaidarbai.cpp')
  
C:\Users\skirm\Desktop\v1.0 project\ConsoleApplication1\Studentas.h(6,18): error C4430: missing type specifier - int assumed. Note: C++ does not support default-int
  (compiling source file 'Skaiciavimaidarbai.cpp')
  
C:\Users\skirm\Desktop\v1.0 project\ConsoleApplication1\Studentas.h(7,12): error C3646: 'pavarde': unknown override specifier
  (compiling source file 'Skaiciavimaidarbai.cpp')
  
C:\Users\skirm\Desktop\v1.0 project\ConsoleApplication1\Studentas.h(7,19): error C4430: missing type specifier - int assumed. Note: C++ does not support default-int
  (compiling source file 'Skaiciavimaidarbai.cpp')
  
C:\Users\skirm\Desktop\v1.0 project\ConsoleApplication1\Studentas.h(8,11): error C2143: syntax error: missing ';' before '<'
  (compiling source file 'Skaiciavimaidarbai.cpp')
  
C:\Users\skirm\Desktop\v1.0 project\ConsoleApplication1\Studentas.h(8,11): error C4430: missing type specifier - int assumed. Note: C++ does not support default-int
  (compiling source file 'Skaiciavimaidarbai.cpp')
  
C:\Users\skirm\Desktop\v1.0 project\ConsoleApplication1\Studentas.h(8,32): error C2238: unexpected token(s) preceding ';'
  (compiling source file 'Skaiciavimaidarbai.cpp')
  
C:\Users\skirm\Desktop\v1.0 project\ConsoleApplication1\Studentas.h(16,14): error C4430: missing type specifier - int assumed. Note: C++ does not support default-int
  (compiling source file 'Skaiciavimaidarbai.cpp')
  
C:\Users\skirm\Desktop\v1.0 project\ConsoleApplication1\Studentas.h(16,27): error C2143: syntax error: missing ',' before '&'
  (compiling source file 'Skaiciavimaidarbai.cpp')
  
C:\Users\skirm\Desktop\v1.0 project\ConsoleApplication1\MokiniuProcessing.h(15,7): error C2059: syntax error: 'using namespace'
  (compiling source file 'Skaiciavimaidarbai.cpp')
  
C:\Users\skirm\Desktop\v1.0 project\ConsoleApplication1\MokiniuProcessing.h(15,20): error C2238: unexpected token(s) preceding ';'
  (compiling source file 'Skaiciavimaidarbai.cpp')
  
C:\Users\skirm\Desktop\v1.0 project\ConsoleApplication1\MokiniuProcessing.h(16,8): error C3646: 'GeneruotiVardus': unknown override specifier
  (compiling source file 'Skaiciavimaidarbai.cpp')
  
C:\Users\skirm\Desktop\v1.0 project\ConsoleApplication1\MokiniuProcessing.h(16,23): error C2059: syntax error: '('
  (compiling source file 'Skaiciavimaidarbai.cpp')
  
C:\Users\skirm\Desktop\v1.0 project\ConsoleApplication1\MokiniuProcessing.h(16,25): error C2238: unexpected token(s) preceding ';'
  (compiling source file 'Skaiciavimaidarbai.cpp')
  
C:\Users\skirm\Desktop\v1.0 project\ConsoleApplication1\MokiniuProcessing.h(17,8): error C3646: 'GeneruotiPavardes': unknown override specifier
  (compiling source file 'Skaiciavimaidarbai.cpp')
  
C:\Users\skirm\Desktop\v1.0 project\ConsoleApplication1\MokiniuProcessing.h(17,25): error C2059: syntax error: '('
  (compiling source file 'Skaiciavimaidarbai.cpp')
  
C:\Users\skirm\Desktop\v1.0 project\ConsoleApplication1\MokiniuProcessing.h(17,27): error C2238: unexpected token(s) preceding ';'
  (compiling source file 'Skaiciavimaidarbai.cpp')
  
C:\Users\skirm\Desktop\v1.0 project\ConsoleApplication1\MokiniuProcessing.h(23,34): error C4430: missing type specifier - int assumed. Note: C++ does not support default-int
  (compiling source file 'Skaiciavimaidarbai.cpp')
  
C:\Users\skirm\Desktop\v1.0 project\ConsoleApplication1\MokiniuProcessing.h(23,34): error C2143: syntax error: missing ',' before '&'
  (compiling source file 'Skaiciavimaidarbai.cpp')
  
C:\Users\skirm\Desktop\v1.0 project\ConsoleApplication1\Skaiciavimaidarbai.h(6,16): error C2061: syntax error: identifier 'vector'
  (compiling source file 'Skaiciavimaidarbai.cpp')
  
C:\Users\skirm\Desktop\v1.0 project\ConsoleApplication1\Skaiciavimaidarbai.h(8,32): error C4430: missing type specifier - int assumed. Note: C++ does not support default-int
  (compiling source file 'Skaiciavimaidarbai.cpp')
  
C:\Users\skirm\Desktop\v1.0 project\ConsoleApplication1\Skaiciavimaidarbai.h(8,32): error C2143: syntax error: missing ',' before '<'
  (compiling source file 'Skaiciavimaidarbai.cpp')
  
C:\Users\skirm\Desktop\v1.0 project\ConsoleApplication1\Skaiciavimaidarbai.h(9,33): error C4430: missing type specifier - int assumed. Note: C++ does not support default-int
  (compiling source file 'Skaiciavimaidarbai.cpp')
  
C:\Users\skirm\Desktop\v1.0 project\ConsoleApplication1\Skaiciavimaidarbai.h(9,33): error C2143: syntax error: missing ',' before '&'
  (compiling source file 'Skaiciavimaidarbai.cpp')
  
C:\Users\skirm\Desktop\v1.0 project\ConsoleApplication1\Skaiciavimaidarbai.h(12,37): error C4430: missing type specifier - int assumed. Note: C++ does not support default-int
  (compiling source file 'Skaiciavimaidarbai.cpp')
  
C:\Users\skirm\Desktop\v1.0 project\ConsoleApplication1\Skaiciavimaidarbai.h(12,37): error C2143: syntax error: missing ',' before '&'
  (compiling source file 'Skaiciavimaidarbai.cpp')
  
C:\Users\skirm\Desktop\v1.0 project\ConsoleApplication1\Skaiciavimaidarbai.h(13,19): error C2061: syntax error: identifier 'vector'
  (compiling source file 'Skaiciavimaidarbai.cpp')
  
C:\Users\skirm\Desktop\v1.0 project\ConsoleApplication1\Skaiciavimaidarbai.h(14,37): error C4430: missing type specifier - int assumed. Note: C++ does not support default-int
  (compiling source file 'Skaiciavimaidarbai.cpp')
  
C:\Users\skirm\Desktop\v1.0 project\ConsoleApplication1\Skaiciavimaidarbai.h(14,37): error C2143: syntax error: missing ',' before '<'
  (compiling source file 'Skaiciavimaidarbai.cpp')
  
C:\Users\skirm\Desktop\v1.0 project\ConsoleApplication1\Skaiciavimaidarbai.h(15,25): error C2061: syntax error: identifier 'vector'
  (compiling source file 'Skaiciavimaidarbai.cpp')
  
C:\Users\skirm\Desktop\v1.0 project\ConsoleApplication1\Skaiciavimaidarbai.h(16,25): error C2061: syntax error: identifier 'vector'
  (compiling source file 'Skaiciavimaidarbai.cpp')
  
C:\Users\skirm\Desktop\v1.0 project\ConsoleApplication1\Skaiciavimaidarbai.cpp(3,6): error C2535: 'void Studentas::NetinkamaIvestis(void)': member function already defined or declared
  C:\Users\skirm\Desktop\v1.0 project\ConsoleApplication1\Skaiciavimaidarbai.h(4,6):
  see declaration of 'Studentas::NetinkamaIvestis'
  
C:\Users\skirm\Desktop\v1.0 project\ConsoleApplication1\Skaiciavimaidarbai.cpp(8,6): error C2535: 'void Studentas::NeraFailo(void)': member function already defined or declared
  C:\Users\skirm\Desktop\v1.0 project\ConsoleApplication1\Skaiciavimaidarbai.h(5,6):
  see declaration of 'Studentas::NeraFailo'
  
C:\Users\skirm\Desktop\v1.0 project\ConsoleApplication1\Skaiciavimaidarbai.cpp(13,16): error C2061: syntax error: identifier 'vector'
C:\Users\skirm\Desktop\v1.0 project\ConsoleApplication1\Skaiciavimaidarbai.cpp(13,8): error C2535: 'double Studentas::Mediana(void)': member function already defined or declared
  C:\Users\skirm\Desktop\v1.0 project\ConsoleApplication1\Skaiciavimaidarbai.h(6,8):
  see declaration of 'Studentas::Mediana'
  
C:\Users\skirm\Desktop\v1.0 project\ConsoleApplication1\Skaiciavimaidarbai.cpp(27,8): error C2535: 'double Studentas::GenerateRandomGrade(void)': member function already defined or declared
  C:\Users\skirm\Desktop\v1.0 project\ConsoleApplication1\Skaiciavimaidarbai.h(7,8):
  see declaration of 'Studentas::GenerateRandomGrade'
  
C:\Users\skirm\Desktop\v1.0 project\ConsoleApplication1\Skaiciavimaidarbai.cpp(32,32): error C4430: missing type specifier - int assumed. Note: C++ does not support default-int
C:\Users\skirm\Desktop\v1.0 project\ConsoleApplication1\Skaiciavimaidarbai.cpp(32,32): error C2143: syntax error: missing ',' before '<'
C:\Users\skirm\Desktop\v1.0 project\ConsoleApplication1\Skaiciavimaidarbai.cpp(32,6): error C2535: 'void Studentas::PrintStudents(const int)': member function already defined or declared
  C:\Users\skirm\Desktop\v1.0 project\ConsoleApplication1\Skaiciavimaidarbai.h(8,6):
  see declaration of 'Studentas::PrintStudents'
  
C:\Users\skirm\Desktop\v1.0 project\ConsoleApplication1\Skaiciavimaidarbai.cpp(46,33): error C4430: missing type specifier - int assumed. Note: C++ does not support default-int
C:\Users\skirm\Desktop\v1.0 project\ConsoleApplication1\Skaiciavimaidarbai.cpp(46,33): error C2143: syntax error: missing ',' before '&'
C:\Users\skirm\Desktop\v1.0 project\ConsoleApplication1\Skaiciavimaidarbai.cpp(46,6): error C2535: 'void Studentas::GeneruotiFaila(const int)': member function already defined or declared
  C:\Users\skirm\Desktop\v1.0 project\ConsoleApplication1\Skaiciavimaidarbai.h(9,6):
  see declaration of 'Studentas::GeneruotiFaila'
  
C:\Users\skirm\Desktop\v1.0 project\ConsoleApplication1\Skaiciavimaidarbai.cpp(67,6): error C2535: 'bool Studentas::compareByGalutinisVid(const Studentas &,const Studentas &)': member function already defined or declared
  C:\Users\skirm\Desktop\v1.0 project\ConsoleApplication1\Skaiciavimaidarbai.h(10,6):
  see declaration of 'Studentas::compareByGalutinisVid'
  
C:\Users\skirm\Desktop\v1.0 project\ConsoleApplication1\Skaiciavimaidarbai.cpp(71,6): error C2535: 'bool Studentas::compareByGalutinisMed(const Studentas &,const Studentas &)': member function already defined or declared
  C:\Users\skirm\Desktop\v1.0 project\ConsoleApplication1\Skaiciavimaidarbai.h(11,6):
  see declaration of 'Studentas::compareByGalutinisMed'
  
C:\Users\skirm\Desktop\v1.0 project\ConsoleApplication1\Skaiciavimaidarbai.cpp(75,37): error C4430: missing type specifier - int assumed. Note: C++ does not support default-int
C:\Users\skirm\Desktop\v1.0 project\ConsoleApplication1\Skaiciavimaidarbai.cpp(75,37): error C2143: syntax error: missing ',' before '&'
C:\Users\skirm\Desktop\v1.0 project\ConsoleApplication1\Skaiciavimaidarbai.cpp(75,6): error C2535: 'void Studentas::readAndProcessData(const int)': member function already defined or declared
  C:\Users\skirm\Desktop\v1.0 project\ConsoleApplication1\Skaiciavimaidarbai.h(12,6):
  see declaration of 'Studentas::readAndProcessData'
  
C:\Users\skirm\Desktop\v1.0 project\ConsoleApplication1\Skaiciavimaidarbai.cpp(101,19): error C2061: syntax error: identifier 'vector'
C:\Users\skirm\Desktop\v1.0 project\ConsoleApplication1\Skaiciavimaidarbai.cpp(101,6): error C2535: 'void Studentas::sortStudents(void)': member function already defined or declared
  C:\Users\skirm\Desktop\v1.0 project\ConsoleApplication1\Skaiciavimaidarbai.h(13,6):
  see declaration of 'Studentas::sortStudents'
  
C:\Users\skirm\Desktop\v1.0 project\ConsoleApplication1\Skaiciavimaidarbai.cpp(113,37): error C4430: missing type specifier - int assumed. Note: C++ does not support default-int
C:\Users\skirm\Desktop\v1.0 project\ConsoleApplication1\Skaiciavimaidarbai.cpp(113,37): error C2143: syntax error: missing ',' before '<'
C:\Users\skirm\Desktop\v1.0 project\ConsoleApplication1\Skaiciavimaidarbai.cpp(113,6): error C2535: 'void Studentas::partitionStudents1(const int)': member function already defined or declared
  C:\Users\skirm\Desktop\v1.0 project\ConsoleApplication1\Skaiciavimaidarbai.h(14,6):
  see declaration of 'Studentas::partitionStudents1'
  
C:\Users\skirm\Desktop\v1.0 project\ConsoleApplication1\Skaiciavimaidarbai.cpp(127,25): error C2061: syntax error: identifier 'vector'
C:\Users\skirm\Desktop\v1.0 project\ConsoleApplication1\Skaiciavimaidarbai.cpp(127,6): error C2535: 'void Studentas::partitionStudents2(void)': member function already defined or declared
  C:\Users\skirm\Desktop\v1.0 project\ConsoleApplication1\Skaiciavimaidarbai.h(15,6):
  see declaration of 'Studentas::partitionStudents2'
  
C:\Users\skirm\Desktop\v1.0 project\ConsoleApplication1\Skaiciavimaidarbai.cpp(142,25): error C2061: syntax error: identifier 'vector'
C:\Users\skirm\Desktop\v1.0 project\ConsoleApplication1\Skaiciavimaidarbai.cpp(142,6): error C2535: 'void Studentas::partitionStudents3(void)': member function already defined or declared
  C:\Users\skirm\Desktop\v1.0 project\ConsoleApplication1\Skaiciavimaidarbai.h(16,6):
  see declaration of 'Studentas::partitionStudents3'
  
C:\Users\skirm\Desktop\v1.0 project\ConsoleApplication1\Studentas.h(3,17): error C1075: '{': no matching token found
  (compiling source file 'Skaiciavimaidarbai.cpp')
  
  Generating Code...
